C:\USERS\ARTHUR\DOCUMENTS\VISUAL STUDIO 2012\PROJECTS\INTERVIEWCODE\0811SORT\0811SORT\DEBUG\MAIN.OBJ
C:\USERS\ARTHUR\DOCUMENTS\VISUAL STUDIO 2012\PROJECTS\INTERVIEWCODE\0811SORT\0811SORT\DEBUG\VC110.PDB
C:\USERS\ARTHUR\DOCUMENTS\VISUAL STUDIO 2012\PROJECTS\INTERVIEWCODE\0811SORT\DEBUG\0811SORT.ILK
C:\USERS\ARTHUR\DOCUMENTS\VISUAL STUDIO 2012\PROJECTS\INTERVIEWCODE\0811SORT\DEBUG\0811SORT.EXE
C:\USERS\ARTHUR\DOCUMENTS\VISUAL STUDIO 2012\PROJECTS\INTERVIEWCODE\0811SORT\DEBUG\0811SORT.PDB
C:\Users\arthur\Documents\Visual Studio 2012\Projects\InterviewCode\0811Sort\0811Sort\Debug\main.obj
C:\Users\arthur\Documents\Visual Studio 2012\Projects\InterviewCode\0811Sort\0811Sort\Debug\cl.command.1.tlog
C:\Users\arthur\Documents\Visual Studio 2012\Projects\InterviewCode\0811Sort\0811Sort\Debug\CL.read.1.tlog
C:\Users\arthur\Documents\Visual Studio 2012\Projects\InterviewCode\0811Sort\0811Sort\Debug\CL.write.1.tlog
C:\Users\arthur\Documents\Visual Studio 2012\Projects\InterviewCode\0811Sort\0811Sort\Debug\link-cvtres.read.1.tlog
C:\Users\arthur\Documents\Visual Studio 2012\Projects\InterviewCode\0811Sort\0811Sort\Debug\link-cvtres.write.1.tlog
C:\Users\arthur\Documents\Visual Studio 2012\Projects\InterviewCode\0811Sort\0811Sort\Debug\link-rc.read.1.tlog
C:\Users\arthur\Documents\Visual Studio 2012\Projects\InterviewCode\0811Sort\0811Sort\Debug\link-rc.write.1.tlog
C:\Users\arthur\Documents\Visual Studio 2012\Projects\InterviewCode\0811Sort\0811Sort\Debug\link.command.1.tlog
C:\Users\arthur\Documents\Visual Studio 2012\Projects\InterviewCode\0811Sort\0811Sort\Debug\link.read.1.tlog
C:\Users\arthur\Documents\Visual Studio 2012\Projects\InterviewCode\0811Sort\0811Sort\Debug\link.write.1.tlog
C:\Users\arthur\Documents\Visual Studio 2012\Projects\InterviewCode\0811Sort\0811Sort\Debug\vc110.idb
C:\Users\arthur\Documents\Visual Studio 2012\Projects\InterviewCode\0811Sort\0811Sort\Debug\vc110.pdb
C:\Users\arthur\Documents\Visual Studio 2012\Projects\InterviewCode\0811Sort\Debug\0811Sort.pdb
C:\Users\arthur\Documents\Visual Studio 2012\Projects\InterviewCode\0811Sort\Debug\0811Sort.exe
C:\Users\arthur\Documents\Visual Studio 2012\Projects\InterviewCode\0811Sort\Debug\0811Sort.ilk
