C:\USERS\ARTHUR\DOCUMENTS\VISUAL STUDIO 2012\PROJECTS\INTERVIEWCODE\0813LIST\0813LIST\DEBUG\LISTMAIN.OBJ
C:\USERS\ARTHUR\DOCUMENTS\VISUAL STUDIO 2012\PROJECTS\INTERVIEWCODE\0813LIST\0813LIST\DEBUG\MAIN.OBJ
C:\USERS\ARTHUR\DOCUMENTS\VISUAL STUDIO 2012\PROJECTS\INTERVIEWCODE\0813LIST\0813LIST\DEBUG\VC110.PDB
C:\USERS\ARTHUR\DOCUMENTS\VISUAL STUDIO 2012\PROJECTS\INTERVIEWCODE\0813LIST\DEBUG\0813LIST.ILK
C:\USERS\ARTHUR\DOCUMENTS\VISUAL STUDIO 2012\PROJECTS\INTERVIEWCODE\0813LIST\DEBUG\0813LIST.EXE
C:\USERS\ARTHUR\DOCUMENTS\VISUAL STUDIO 2012\PROJECTS\INTERVIEWCODE\0813LIST\DEBUG\0813LIST.PDB
C:\Users\arthur\Documents\Visual Studio 2012\Projects\InterviewCode\0813list\0813list\Debug\listmain.obj
C:\Users\arthur\Documents\Visual Studio 2012\Projects\InterviewCode\0813list\0813list\Debug\main.obj
C:\Users\arthur\Documents\Visual Studio 2012\Projects\InterviewCode\0813list\0813list\Debug\cl.command.1.tlog
C:\Users\arthur\Documents\Visual Studio 2012\Projects\InterviewCode\0813list\0813list\Debug\CL.read.1.tlog
C:\Users\arthur\Documents\Visual Studio 2012\Projects\InterviewCode\0813list\0813list\Debug\CL.write.1.tlog
C:\Users\arthur\Documents\Visual Studio 2012\Projects\InterviewCode\0813list\0813list\Debug\link-cvtres.read.1.tlog
C:\Users\arthur\Documents\Visual Studio 2012\Projects\InterviewCode\0813list\0813list\Debug\link-cvtres.write.1.tlog
C:\Users\arthur\Documents\Visual Studio 2012\Projects\InterviewCode\0813list\0813list\Debug\link-rc.read.1.tlog
C:\Users\arthur\Documents\Visual Studio 2012\Projects\InterviewCode\0813list\0813list\Debug\link-rc.write.1.tlog
C:\Users\arthur\Documents\Visual Studio 2012\Projects\InterviewCode\0813list\0813list\Debug\link.9276-cvtres.read.1.tlog
C:\Users\arthur\Documents\Visual Studio 2012\Projects\InterviewCode\0813list\0813list\Debug\link.9276-cvtres.write.1.tlog
C:\Users\arthur\Documents\Visual Studio 2012\Projects\InterviewCode\0813list\0813list\Debug\link.9276-rc.read.1.tlog
C:\Users\arthur\Documents\Visual Studio 2012\Projects\InterviewCode\0813list\0813list\Debug\link.9276-rc.write.1.tlog
C:\Users\arthur\Documents\Visual Studio 2012\Projects\InterviewCode\0813list\0813list\Debug\link.9276.read.1.tlog
C:\Users\arthur\Documents\Visual Studio 2012\Projects\InterviewCode\0813list\0813list\Debug\link.9276.write.1.tlog
C:\Users\arthur\Documents\Visual Studio 2012\Projects\InterviewCode\0813list\0813list\Debug\link.command.1.tlog
C:\Users\arthur\Documents\Visual Studio 2012\Projects\InterviewCode\0813list\0813list\Debug\link.read.1.tlog
C:\Users\arthur\Documents\Visual Studio 2012\Projects\InterviewCode\0813list\0813list\Debug\link.write.1.tlog
C:\Users\arthur\Documents\Visual Studio 2012\Projects\InterviewCode\0813list\0813list\Debug\vc110.idb
C:\Users\arthur\Documents\Visual Studio 2012\Projects\InterviewCode\0813list\0813list\Debug\vc110.pdb
C:\Users\arthur\Documents\Visual Studio 2012\Projects\InterviewCode\0813list\Debug\0813list.pdb
C:\Users\arthur\Documents\Visual Studio 2012\Projects\InterviewCode\0813list\Debug\0813list.exe
C:\Users\arthur\Documents\Visual Studio 2012\Projects\InterviewCode\0813list\Debug\0813list.ilk
