C:\USERS\ARTHUR\DOCUMENTS\VISUAL STUDIO 2012\PROJECTS\INTERVIEWCODE\0809_REPLACEBLANK\0809_REPLACEBLANK\DEBUG\MAIN.OBJ
C:\USERS\ARTHUR\DOCUMENTS\VISUAL STUDIO 2012\PROJECTS\INTERVIEWCODE\0809_REPLACEBLANK\0809_REPLACEBLANK\DEBUG\VC110.PDB
C:\USERS\ARTHUR\DOCUMENTS\VISUAL STUDIO 2012\PROJECTS\INTERVIEWCODE\0809_REPLACEBLANK\DEBUG\0809_REPLACEBLANK.ILK
C:\USERS\ARTHUR\DOCUMENTS\VISUAL STUDIO 2012\PROJECTS\INTERVIEWCODE\0809_REPLACEBLANK\DEBUG\0809_REPLACEBLANK.EXE
C:\USERS\ARTHUR\DOCUMENTS\VISUAL STUDIO 2012\PROJECTS\INTERVIEWCODE\0809_REPLACEBLANK\DEBUG\0809_REPLACEBLANK.PDB
C:\Users\arthur\Documents\Visual Studio 2012\Projects\InterviewCode\0809_ReplaceBlank\0809_ReplaceBlank\Debug\main.obj
C:\Users\arthur\Documents\Visual Studio 2012\Projects\InterviewCode\0809_ReplaceBlank\0809_ReplaceBlank\Debug\cl.command.1.tlog
C:\Users\arthur\Documents\Visual Studio 2012\Projects\InterviewCode\0809_ReplaceBlank\0809_ReplaceBlank\Debug\CL.read.1.tlog
C:\Users\arthur\Documents\Visual Studio 2012\Projects\InterviewCode\0809_ReplaceBlank\0809_ReplaceBlank\Debug\CL.write.1.tlog
C:\Users\arthur\Documents\Visual Studio 2012\Projects\InterviewCode\0809_ReplaceBlank\0809_ReplaceBlank\Debug\link-cvtres.read.1.tlog
C:\Users\arthur\Documents\Visual Studio 2012\Projects\InterviewCode\0809_ReplaceBlank\0809_ReplaceBlank\Debug\link-cvtres.write.1.tlog
C:\Users\arthur\Documents\Visual Studio 2012\Projects\InterviewCode\0809_ReplaceBlank\0809_ReplaceBlank\Debug\link-rc.read.1.tlog
C:\Users\arthur\Documents\Visual Studio 2012\Projects\InterviewCode\0809_ReplaceBlank\0809_ReplaceBlank\Debug\link-rc.write.1.tlog
C:\Users\arthur\Documents\Visual Studio 2012\Projects\InterviewCode\0809_ReplaceBlank\0809_ReplaceBlank\Debug\link.command.1.tlog
C:\Users\arthur\Documents\Visual Studio 2012\Projects\InterviewCode\0809_ReplaceBlank\0809_ReplaceBlank\Debug\link.read.1.tlog
C:\Users\arthur\Documents\Visual Studio 2012\Projects\InterviewCode\0809_ReplaceBlank\0809_ReplaceBlank\Debug\link.write.1.tlog
C:\Users\arthur\Documents\Visual Studio 2012\Projects\InterviewCode\0809_ReplaceBlank\0809_ReplaceBlank\Debug\vc110.idb
C:\Users\arthur\Documents\Visual Studio 2012\Projects\InterviewCode\0809_ReplaceBlank\0809_ReplaceBlank\Debug\vc110.pdb
C:\Users\arthur\Documents\Visual Studio 2012\Projects\InterviewCode\0809_ReplaceBlank\Debug\0809_ReplaceBlank.pdb
C:\Users\arthur\Documents\Visual Studio 2012\Projects\InterviewCode\0809_ReplaceBlank\Debug\0809_ReplaceBlank.exe
C:\Users\arthur\Documents\Visual Studio 2012\Projects\InterviewCode\0809_ReplaceBlank\Debug\0809_ReplaceBlank.ilk
